[20:55:16] [main/INFO]: Setting user: Player310
[20:55:21] [Client thread/INFO]: LWJGL Version: 2.9.1
[20:55:33] [Client thread/INFO]: Reloading ResourceManager: Default, FMLFileResourcePack:Forge Mod Loade[20:55:41] [Client thread/INFO]: Reloading ResourceManager: Default, FMLFileResourcePack:Forge Mod Loader, FMLFileResourcePack:Minecraft Forge, FMLFileResourcePack:Right Click Options
[20:55:42] [Sound Library Loader/INFO]: Sound engine started
[20:55:43] [Client thread/INFO]: Created: 512x256 textures/blocks-atlas
[20:55:43] [Client thread/INFO]: Created: 256x256 textures/items-atlas
[20:55:44] [Client thread/INFO]: Reloading ResourceManager: Default, FMLFileResourcePack:Forge Mod Loader, FMLFileResourcePack:Minecraft Forge, FMLFileResourcePack:Right Click Options
[20:55:44] [Client thread/INFO]: Created: 512x256 textures/blocks-atlas
[20:55:44] [Client thread/INFO[20:55:53] [Server thread/INFO]: Starting integrated minecraft server version 1.7.10
[20:55:53] [Server[20:56:06] [Client thread/INFO]: Connecting to 75.102.232.246, 56924
[20:56:28] [Client thread/INFO]: [CHAT] §6You've sent Player310 a trade offer.
[20:57:13] [Client thread/INFO]: [CHAT] §4Trade canceled.
[20:57:34] [Client thread/INFO]: [CHAT] §6You've sent Player310 a trade offer.
[20:57:44] [Client thread/INFO]: [CHAT] §4Trade canceled.
[20:58:08] [Client thread/INFO]: [CHAT] §6You've sent Player310 a trade offer.
[20:58:14] [Client thread/INFO]: [CHAT] §4Trade canceled.
[20:58:17] [Client thread/INFO]: Stopping!
ver thread/INFO]: Saving chunks for level 'New World'/Nether
[20:55:59] [Server thread/INFO]: Saving chunks for level 'New World'/The End
[20:56:01] [Client thread/INFO]: Started on 56924
[20:56:01] [Client thread/INFO]: [CHAT] Local game hosted on port 56924
[20:56:10] [User Authenticator #1/WARN]: Failed to verify username but will let them in anyway!
[20:56:11] [Server thread/INFO]: Player728[/75.102.232.246:56958] logged in with entity id 299 at (163.5, 65.0, 257.5)
[20:56:11] [Server thread/INFO]: Player728 joined the game
[20:56:11] [Client thread/INFO]: [CHAT] Player728 joined the game
[20:56:28] [Client thread/INFO]: [CHAT] §5Player728 would like to trade with you.
[20:56:28] [Client thread/INFO]: [CHAT] §5Right click the player to accept.
[20:56:28] [Client thread/INFO]: [CHAT] §5(30 seconds left)
[20:57:13] [Client thread/INFO]: [CHAT] §4Trade canceled.
[20:57:18] [Server thread/INFO]: [CHAT] §5Player310 would like to trade with you.
[20:57:18] [Server thread/INFO]: [CHAT] §5Right click the player to accept.
[20:57:18] [Server thread/INFO]: [CHAT] §5(30 seconds left)
[20:57:18] [Client thread/INFO]: [CHAT] §6You've sent Player728 a trade offer.
[20:57:34] [Client thread/INFO]: [CHAT] §5Player728 would like to trade with you.
[20:57:34] [Client thread/INFO]: [CHAT] §5Right click the player to accept.
[20:57:34] [Client thread/INFO]: [CHAT] §5(30 seconds left)
[20:57:44] [Client thread/INFO]: [CHAT] §4Trade canceled.
[20:57:50] [Server thread/INFO]: [CHAT] §5Player310 would like to trade with you.
[20:57:50] [Server thread/INFO]: [CHAT] §5Right click the player to accept.
[20:57:50] [Server thread/INFO]: [CHAT] §5(30 seconds left)
[20:57:50] [Client thread/INFO]: [CHAT] §6You've sent Player728 a trade offer.
[20:58:05] [Server thread/INFO]: [CHAT] §5Player310 would like to trade with you.
[20:58:05] [Server thread/INFO]: [CHAT] §5Right click the player to accept.
[20:58:05] [Server thread/INFO]: [CHAT] §5(30 seconds left)
[20:58:05] [Client thread/INFO]: [CHAT] §6You've sent Player728 a trade offer.
[20:58:08] [Client thread/INFO]: [CHAT] §5Player728 would like to trade with you.
[20:58:08] [Client thread/INFO]: [CHAT] §5Right click the player to accept.
[20:58:08] [Client thread/INFO]: [CHAT] §5(30 seconds left)
[20:58:14] [Client thread/INFO]: [CHAT] §4Trade canceled.
[20:58:16] [Server thread/INFO]: Player728 lost connection: TextComponent{text='Disconnected', siblings=[], style=Style{hasParent=false, color=null, bold=null, italic=null, underlined=null, obfuscated=null, clickEvent=null, hoverEvent=null}}
[20:58:16] [Server thread/INFO]: Player728 left the game
[20:58:17] [Client thread/INFO]: [CHAT] Player728 left the game
[20:58:20] [Server thread/INFO]: Stopping server
[20:58:20] [Server thread/INFO]: Saving players
[20:58:20] [Server thread/INFO]: Saving worlds
[20:58:20] [Server thread/INFO]: Saving chunks for level 'New World'/Overworld
[20:58:20] [Server thread/INFO]: Saving chunks for level 'New World'/Nether
[20:58:20] [Server thread/INFO]: Saving chunks for level 'New World'/The End
[20:58:21] [Client thread/INFO]: Stopping!
[21:48:31] [main/INFO]: Setting user: Player143
[21:48:34] [Client thread/INFO]: LWJGL Version: 2[21:48[21:48:42] [Client thread/INFO]: Reloading ResourceManager: Default, FMLFileResourcePack:Forge Mod Loader, FMLFileResourcePack:Minecraft Forge, FMLFileResourcePack:Right Click Options
[21:48:43] [Sound Library Loader/INFO]: Sound engine started
[21:48:45] [Client thread/INFO]: Created: 512x256 textures/blocks-atlas
[21:48:45] [Client thread/INFO]: Created: 256x256 textures/items-atlas
[21:48:46] [Client thread/INFO]: Reloading ResourceManager: Default, FMLFileResourcePack:Forge Mod Loader, FMLFileResourcePack:Minecraft Forge, FMLFileResourcePack:Right Click Options
[21:48:46] [Client thread/INFO]: Created: 512x256 textures/blocks-atlas
[21:48:46] [Client thread/INFO]: Created: 256x256 textures/items-atlas
[21:48:47] [Sound Library Loader/INFO]: Sound engine started
[21:49:00] [Server thread/INFO]: Starting integra[21:49:12] [Client thread/INFO]: Connecting to 75.102.232.246, 51804
[21:49:31] [Client thread/INFO]: [CHAT] §6You've sent Player143 a trade offer.
[21:50:51] [Client thread/INFO]: [CHAT] §4Trade canceled.
[21:51:10] [Client thread/INFO]: [CHAT] §5Player143 would like to trade with you.
[21:51:10] [Client thread/INFO]: [CHAT] §5Right click the player to accept.
[21:51:10] [Client thread/INFO]: [CHAT] §5(30 seconds left)
[21:51:59] [Client thread/INFO]: [CHAT] §4Trade canceled.
[21:52:02] [Client thread/INFO]: [CHAT] §6You've sent Player143 a trade offer.
[21:52:09] [Client thread/INFO]: [CHAT] §4Trade canceled.
[21:52:13] [Client thread/INFO]: [CHAT] §5Player143 would like to trade with you.
[21:52:13] [Client thread/INFO]: [CHAT] §5Right click the player to accept.
[21:52:13] [Client thread/INFO]: [CHAT] §5(30 seconds left)
[21:52:21] [Client thread/INFO]: [CHAT] §4Trade canceled.
[21:52:31] [Client thread/INFO]: Stopping!
ted on port 51804
[21:49:15] [User Authenticator #1/WARN]: Failed to verify username but will let them in anyway!
[21:49:15] [Server thread/INFO]: Player181[/75.102.232.246:51838] logged in with entity id 329 at (170.97319185161578, 75.0, 270.89468227794976)
[21:49:15] [Server thread/INFO]: Player181 joined the game
[21:49:15] [Client thread/INFO]: [CHAT] Player181 joined the game
[21:49:31] [Client thread/INFO]: [CHAT] §5Player181 would like to trade with you.
[21:49:31] [Client thread/INFO]: [CHAT] §5Right click the player to accept.
[21:49:31] [Client thread/INFO]: [CHAT] §5(30 seconds left)
[21:50:51] [Client thread/INFO]: [CHAT] §4Trade canceled.
[21:51:10] [Client thread/INFO]: [CHAT] §6You've sent Player181 a trade offer.
[21:51:59] [Client thread/INFO]: [CHAT] §4Trade canceled.
[21:52:02] [Client thread/INFO]: [CHAT] §5Player181 would like to trade with you.
[21:52:02] [Client thread/INFO]: [CHAT] §5Right click the player to accept.
[21:52:02] [Client thread/INFO]: [CHAT] §5(30 seconds left)
[21:52:09] [Client thread/INFO]: [CHAT] §4Trade canceled.
[21:52:13] [Client thread/INFO]: [CHAT] §6You've sent Player181 a trade offer.
[21:52:21] [Client thread/INFO]: [CHAT] §4Trade canceled.
[21:52:27] [Server thread/INFO]: Player181 lost connection: TextComponent{text='Disconnected', siblings=[], style=Style{hasParent=false, color=null, bold=null, italic=null, underlined=null, obfuscated=null, clickEvent=null, hoverEvent=null}}
[21:52:27] [Server thread/INFO]: Player181 left the game
[21:52:27] [Client thread/INFO]: [CHAT] Player181 left the game
[21:52:33] [Server thread/INFO]: Stopping server
[21:52:33] [Server thread/INFO]: Saving players
[21:52:33] [Server thread/INFO]: Saving worlds
[21:52:33] [Server thread/INFO]: Saving chunks for level 'New World'/Overworld
[21:52:33] [Server thread/INFO]: Saving chunks for level 'New World'/Nether
[21:52:33] [Server thread/INFO]: Saving chunks for level 'New World'/The End
[21:52:34] [Client thread/INFO]: Stopping!
[22:25:49] [main/INFO]: Setting user: Player66
[22:25:54] [Client thread/INFO]: LWJGL Version: 2[22:25[22:26:10] [Client thread/INFO]: Reloading Resour[22:26:14] [Client thread/INFO]: Reloading ResourceManager: Default, FMLFileResourcePack:Forge Mod Loader, FMLFileResourcePack:Minecraft Forge, FMLFileResourcePack:Right Click Options
[22:26:16] [S[22:26:22] [Client thread/INFO]: Created: 512x256[22:26:22] [Client threa[22:26:22] [Client thread/INFO]: Created: 256x256[22:26:22] [Client thre[22:26:22] [Client thread/INFO]: Reloading Resour[22:26:23] [Client thread/INFO]: Reloading ResourceManager: Default, FMLFileResourcePack:Forge Mod Loader, FMLFileResourcePack:Minecraft[22:26:23] [Client thread/INFO]: Created: 512x256[22:26:23] [Client threa[22:26:23] [Client thread/INFO]: Created: 256x256[22:26:23] [Client thre[22:26:24] [Sound Library Loader/INFO]: Sound eng[22:26:24] [S[22:26:30] [Server thread/INFO]: Starting integra[22:27:00] [Client thread/INFO]: Connecting to 75.102.232.246, 51959
[22:27:37] [Client thread/INFO]: [CHAT] §5Player66 would like to trade with you.
[22:27:37] [Client thread/INFO]: [CHAT] §5Right click the player to accept.
[22:27:37] [Client thread/INFO]: [CHAT] §5(30 seconds left)
[22:27:59] [Client thread/INFO]: [CHAT] §4Trade canceled.
[22:28:17] [Client thread/INFO]: [CHAT] [Player66: Given [Wooden Pickaxe] * 5 to Player369]
[22:28:24] [Client thread/INFO]: [CHAT] §6You've sent Player66 a trade offer.
[22:29:44] [Client thread/INFO]: [CHAT] §4Trade canceled.
[22:29:46] [Client thread/INFO]: [CHAT] §6You've sent Player66 a trade offer.
[22:30:13] [Client thread/INFO]: [CHAT] §4Trade canceled.
[22:30:18] [Client thread/INFO]: Stopping!
: Starting integrated minecraft server version 1.7.10
[22:26:45] [Server thread/INFO]: Generating keypair
[22:26:45] [Server thread/INFO]: Preparing start region for level 0
[22:26:46] [Server thread/INFO]: Preparing spawn area: 60%
[22:26:47] [Server thread/INFO]: Changing view distance to 8, from 10
[22:26:47] [Server thread/INFO]: Player66[local:E:9a61c6e9] logged in with entity id 478 at (164.5, 66.0, 263.5)
[22:26:47] [Server thread/INFO]: Player66 joined the game
[22:26:53] [Server thread/INFO]: Saving and pausing game...
[22:26:53] [Server thread/INFO]: Saving chunks for level 'New World'/Overworld
[22:26:53] [Server thread/INFO]: Saving chunks for level 'New World'/Nether
[22:26:53] [Server thread/INFO]: Saving chunks for level 'New World'/The End
[22:26:55] [Client thread/INFO]: Started on 51959
[22:26:55] [Client thread/INFO]: [CHAT] Local game hosted on port 51959
[22:26:57] [Server thread/INFO]: [Player66: Set the time to 1000]
[22:26:57] [Client thread/INFO]: [CHAT] Set the time to 1000
[22:27:04] [User Authenticator #1/WARN]: Failed to verify username but will let them in anyway!
[22:27:05] [Server thread/INFO]: Player369[/75.102.232.246:51992] logged in with entity id 557 at (166.5, 69.0, 265.5)
[22:27:05] [Server thread/INFO]: Player369 joined the game
[22:27:05] [Client thread/INFO]: [CHAT] Player369 joined the game
[22:27:37] [Client thread/INFO]: [CHAT] §6You've sent Player369 a trade offer.
[22:27:59] [Client thread/INFO]: [CHAT] §4Trade canceled.
[22:28:17] [Server thread/INFO]: [Player66: Given [Wooden Pickaxe] * 5 to Player369]
[22:28:17] [Client thread/INFO]: [CHAT] Given [Wooden Pickaxe] * 5 to Player369
[22:28:24] [Client thread/INFO]: [CHAT] §5Player369 would like to trade with you.
[22:28:24] [Client thread/INFO]: [CHAT] §5Right click the player to accept.
[22:28:24] [Client thread/INFO]: [CHAT] §5(30 seconds left)
[22:29:44] [Client thread/INFO]: [CHAT] §4Trade canceled.
[22:29:46] [Client thread/INFO]: [CHAT] §5Player369 would like to trade with you.
[22:29:46] [Client thread/INFO]: [CHAT] §5Right click the player to accept.
[22:29:46] [Client thread/INFO]: [CHAT] §5(30 seconds left)
[22:30:13] [Client thread/INFO]: [CHAT] §4Trade canceled.
[22:30:16] [Server thread/INFO]: Player369 lost connection: TextComponent{text='Disconnected', siblings=[], style=Style{hasParent=false, color=null, bold=null, italic=null, underlined=null, obfuscated=null, clickEvent=null, hoverEvent=null}}
[22:30:16] [Server thread/INFO]: Player369 left the game
[22:30:17] [Client thread/INFO]: [CHAT] Player369 left the game
[22:30:19] [Server thread/INFO]: Stopping server
[22:30:19] [Server thread/INFO]: Saving players
[22:30:19] [Server thread/INFO]: Saving worlds
[22:30:19] [Server thread/INFO]: Saving chunks for level 'New World'/Overworld
[22:30:19] [Server thread/INFO]: Saving chunks for level 'New World'/Nether
[22:30:19] [Server thread/INFO]: Saving chunks for level 'New World'/The End
[22:30:21] [Client thread/INFO]: Stopping!
[22:57:31] [main/INFO]: Setting user: Player581
[22:57:33] [Client thread/INFO]: LWJGL Version: 2.9.1
[22:57:41] [Client thread/INFO]: Reloading ResourceManager: Default, FMLFileResourcePack:Forge Mod Loade[22:57:42] [Client thread/INFO]: Reloading ResourceManager: Default, FMLFileResourcePack:Forge Mod Loader, FMLFileResourcePack:Minecraft Forge,[22:57:44] [Client thread/INFO]: Created: 512x256 textures/blocks-atlas
[22:57:44] [Client thread/INFO][22:57:45] [Client thread/INFO]: Created: 512x256 textures/blocks-atlas
[22:57:45] [Client thread/INFO]: Created: 256x256 textures/items-atlas
[22:57:45] [Client thread/INFO]: Reloading ResourceManager: Default, FMLFileResourcePack:Forge Mod Loader, FMLFileResourcePack:Minecraft Forge, FMLFileResourcePack:Right Click Options
[22:57:45] [Client thread/INFO]: Created: 512x256 textures/blocks-atlas
[22:57:45] [Client thread/INFO[23:00:33] [Client thread/INFO]: Connecting to 75.102.232.246, 57116
[23:01:01] [Client thread/INFO]: [CHAT] §5Player652 would like to trade with you.
[23:01:01] [Client thread/INFO]: [CHAT] §5Right click the player to accept.
[23:01:01] [Client thread/INFO]: [CHAT] §5(30 seconds left)
[23:01:49] [Client thread/INFO]: [CHAT] §4Trade canceled.
[23:02:07] [Client thread/INFO]: [CHAT] [Player652: Given [Wooden Hoe] * 1 to Player652]
[23:02:10] [Client thread/INFO]: [CHAT] §5Player652 would like to trade with you.
[23:02:10] [Client thread/INFO]: [CHAT] §5Right click the player to accept.
[23:02:10] [Client thread/INFO]: [CHAT] §5(30 seconds left)
[23:03:12] [Client thread/INFO]: [CHAT] §4Trade canceled.
[23:07:11] [Client thread/INFO]: [CHAT] §5Player652 would like to trade with you.
[23:07:11] [Client thread/INFO]: [CHAT] §5Right click the player to accept.
[23:07:11] [Client thread/INFO]: [CHAT] §5(30 seconds left)
[23:09:32] [Client thread/INFO]: [CHAT] §4Trade canceled.
[23:09:35] [Client thread/INFO]: Stopping!
Failed to verify username but will let them in anyway!
[23:00:34] [Server thread/INFO]: Player581[/75.102.232.246:57150] logged in with entity id 314 at (181.8157342823334, 66.0, 250.0400420559627)
[23:00:34] [Server thread/INFO]: Player581 joined the game
[23:00:35] [Client thread/INFO]: [CHAT] Player581 joined the game
[23:01:01] [Client thread/INFO]: [CHAT] §6You've sent Player581 a trade offer.
[23:01:49] [Client thread/INFO]: [CHAT] §4Trade canceled.
[23:02:07] [Server thread/INFO]: [Player652: Given [Wooden Hoe] * 1 to Player652]
[23:02:07] [Client thread/INFO]: [CHAT] Given [Wooden Hoe] * 1 to Player652
[23:02:10] [Client thread/INFO]: [CHAT] §6You've sent Player581 a trade offer.
[23:03:12] [Client thread/INFO]: [CHAT] §4Trade canceled.
[23:07:11] [Client thread/INFO]: [CHAT] §6You've sent Player581 a trade offer.
[23:09:32] [Client thread/INFO]: [CHAT] §4Trade canceled.
[23:09:33] [Server thread/INFO]: Stopping server
[23:09:33] [Server thread/INFO]: Saving players
[23:09:33] [Server thread/INFO]: Saving worlds
[23:09:33] [Server thread/INFO]: Saving chunks for level 'New World'/Overworld
[23:09:33] [Server thread/INFO]: Saving chunks for level 'New World'/Nether
[23:09:33] [Server thread/INFO]: Saving chunks for level 'New World'/The End
[23:09:34] [Client thread/INFO]: Stopping!
[23:45:51] [main/INFO]: Setting user: Player590
[23:45:54] [Client thread/INFO]: LWJGL Version: 2[23:45[23:46:02] [Client thread/INFO]: Reloading Resour[23:46:03] [Client thread/INFO]: Reloading ResourceManager: Default, FMLFileResourcePack:Forge Mod Loader, FMLFileResourcePack:Minecraft Forge, FMLFileResourcePack:Right Click Options
[23:46:04] [S[23:46:07] [Client thread/INFO]: Created: 512x256 textures/blocks-atlas
[23:46:08] [Client thread/INFO]: Created: 256x256 textures/items-atlas
[23:46:08] [Client thread/INFO]: Reloading ResourceManager: Default, FMLFileResourcePack:Forge Mod Loader, FMLFileResourcePack:Minecraft Forge, FMLFileResourcePack:Right Click Options
[23:46:08] [Client thread/INFO]: Created: 512x256 textures/blocks-atlas
[23:46:08] [Client thread/INFO]: Created: 256x256 textures/items-atlas
[23:46:09] [Sound Library Loader/INFO]: Sound engine started
[23:46:12] [Server thread/INFO]: Starting integra[23:46:27] [Client thread/INFO]: Connecting to 75.102.232.246, 57323
[23:46:34] [Client thread/INFO]: [CHAT] [Player590: Set the time to 1000]
[23:46:55] [Client thread/INFO]: [CHAT] §6You've sent Player590 a trade offer.
[23:48:38] [Client thread/INFO]: [CHAT] §4Trade canceled.
b8fea] logged in with entity id 250 at (182.10860243149423, 65.0, 252.00478796286845)
[23:46:15] [Server thread/INFO]: Player590 joined the game
[23:46:17] [Server thread/INFO]: Saving and pausing game...
[23:46:17] [Server thread/INFO]: Saving chunks for level 'New World'/Overworld
[23:46:17] [Server thread/INFO]: Saving chunks for level 'New World'/Nether
[23:46:17] [Server thread/INFO]: Saving chunks for level 'New World'/The End
[23:46:25] [Client thread/INFO]: Started on 57323
[23:46:25] [Client thread/INFO]: [CHAT] Local game hosted on port 57323
[23:46:28] [User Authenticator #1/WARN]: Failed to verify username but will let them in anyway!
[23:46:29] [Server thread/INFO]: Player745[/75.102.232.246:57357] logged in with entity id 351 at (165.5, 66.0, 255.5)
[23:46:29] [Server thread/INFO]: Player745 joined the game
[23:46:29] [Client thread/INFO]: [CHAT] Player745 joined the game
[23:46:34] [Server thread/INFO]: [Player590: Set the time to 1000]
[23:46:34] [Client thread/INFO]: [CHAT] Set the time to 1000
[23:46:55] [Client thread/INFO]: [CHAT] §5Player745 would like to trade with you.
[23:46:55] [Client thread/INFO]: [CHAT] §5Right click the player to accept.
[23:46:55] [Client thread/INFO]: [CHAT] §5(30 seconds left)
[23:48:38] [Client thread/INFO]: [CHAT] §4Trade canceled.
[00:05:47] [Client thread/INFO]: [CHAT] §5Player590 would like to trade with you.
[00:05:47] [Client thread/INFO]: [CHAT] §5Right click the player to accept.
[00:05:47] [Client thread/INFO]: [CHAT] §5(30 seconds left)
[00:06:23] [Client thread/INFO]: [CHAT] §4Trade canceled.
[00:06:26] [Client thread/INFO]: Stopping!
ad/INFO]: [CHAT] §4Trade canceled.
[00:06:24] [Server thread/INFO]: Stopping server
[00:06:24] [Server thread/INFO]: Saving players
[00:06:24] [Server thread/INFO]: Saving worlds
[00:06:24] [Server thread/INFO]: Saving chunks for level 'New World'/Overworld
[00:06:24] [Server thread/INFO]: Saving chunks for level 'New World'/Nether
[00:06:24] [Server thread/INFO]: Saving chunks for level 'New World'/The End
[00:06:25] [Client thread/INFO]: Stopping!
[03:26:22] [main/INFO]: Setting user: Player886
[03:26:25] [Client thread/INFO]: LWJGL Version: [03:26:[03:26:32] [Client thread/INFO]: Reloading ResourceManager: Default, FMLFileResourcePack:Forge Mod Loader, FMLFileResourcePack:Minecraft Forge, FMLFileResourcePack:Right Click Options
[03:26:33] [Sound Library Loader/INFO]: Sound engine started
[03:26:37] [Client thread/INFO]: Created: 512x25[03:26:37] [Client thread[03:26:37] [Client thread/INFO]: Created: 256x25[03:26:37] [Client threa[03:26:37] [Client thread/INFO]: Reloading Resou[03:26:37] [Client thread/INFO]: Reloading ResourceManager: Default, FMLFileResourcePack:Forge Mod Loader, FMLFileResourcePack:Minecraft [03:26:37] [Client thread/INFO]: Created: 512x256 textures/blocks-atlas
[03:26:38] [Client thread/INFO]: Created: 256x256 textures/items-atlas
[03:26:38] [Sound Library Loader/INFO]: Sound en[03:26:38] [So[03:27:23] [Client thread/INFO]: Connecting to 75.102.232.246, 62866
[03:27:34] [Client thread/INFO]: [CHAT] §6You've sent Player82 a trade offer.
[03:29:19] [Client thread/INFO]: [CHAT] §4Trade canceled.
[03:29:26] [Client thread/INFO]: Stopping!
 0
[03:26:50] [Server thread/INFO]: Changing view distance to 8, from 10
[03:26:51] [Server thread/INFO]: Player82[local:E:2c015c92] logged in with entity id 260 at (182.10860243149423, 65.0, 252.00478796286845)
[03:26:51] [Server thread/INFO]: Player82 joined the game
[03:26:53] [Server thread/INFO]: Player82 has just earned the achievement [Taking Inventory]
[03:26:54] [Client thread/INFO]: [CHAT] Player82 has just earned the achievement [Taking Inventory]
[03:27:19] [Server thread/INFO]: Saving and pausing game...
[03:27:19] [Server thread/INFO]: Saving chunks for level 'New World'/Overworld
[03:27:19] [Server thread/INFO]: Saving chunks for level 'New World'/Nether
[03:27:19] [Server thread/INFO]: Saving chunks for level 'New World'/The End
[03:27:20] [Client thread/INFO]: Started on 62866
[03:27:20] [Client thread/INFO]: [CHAT] Local game hosted on port 62866
[03:27:24] [User Authenticator #1/WARN]: Failed to verify username but will let them in anyway!
[03:27:25] [Server thread/INFO]: Player886[/75.102.232.246:62899] logged in with entity id 48524 at (177.5, 64.0, 256.5)
[03:27:25] [Server thread/INFO]: Player886 joined the game
[03:27:25] [Client thread/INFO]: [CHAT] Player886 joined the game
[03:27:34] [Client thread/INFO]: [CHAT] §5Player886 would like to trade with you.
[03:27:34] [Client thread/INFO]: [CHAT] §5Right click the player to accept.
[03:27:34] [Client thread/INFO]: [CHAT] §5(30 seconds left)
[03:29:19] [Client thread/INFO]: [CHAT] §4Trade canceled.
[03:29:21] [Server thread/INFO]: Stopping server
[03:29:21] [Server thread/INFO]: Saving players
[03:29:21] [Server thread/INFO]: Saving worlds
[03:29:21] [Server thread/INFO]: Saving chunks for level 'New World'/Overworld
[03:29:21] [Server thread/INFO]: Saving chunks for level 'New World'/Nether
[03:29:21] [Server thread/INFO]: Saving chunks for level 'New World'/The End
[03:29:23] [Client thread/INFO]: Stopping!
[18:00:42] [main/INFO]: Setting user: Player604
[18:00:50] [Client thread/INFO]: LWJGL Version: 2[18:00[18:01:13] [Client thread/INFO]: Reloading ResourceManager: Default, FMLFileResourcePack:Forge Mod Loader, FMLFileResourcePack:Minecraft Forge, FMLFileResourcePack:Right Click Options
[18:01:15] [Sound Library Loader/INFO]: Sound engine started
[18:01:25] [Client thread/INFO]: Created: 512x256 textures/blocks-atlas
[18:01:25] [Client thread/INFO]: Created: 256x256 textures/items-atlas
[18:01:26] [Client thread/INFO]: Reloading ResourceManager: Default, FMLFileResourcePack:Forge Mod Loader, FMLFileResourcePack:Minecraft Forge, FMLFileResourcePack:Right Click Options
[18:01:27] [Client thread/INFO]: Created: 512x256 textures/blocks-atlas
[18:01:27] [Client thread/INFO]: Created: 256x256 textures/items-atlas
[18:01:28] [Sound Library Loader/INFO]: Sound engine started
[18:02:08] [Client thread/INFO]: Connecting to 75.102.245.137, 56708
[18:02:19] [Client thread/INFO]: Connecting to 75.102.245.137, 56708
[18:02:41] [Client thread/INFO]: [CHAT] §6You've sent Player507 a trade offer.
[18:03:58] [Client thread/INFO]: [CHAT] §4Trade canceled.
[18:03:59] [Client thread/INFO]: [CHAT] Player507 has just earned the achievement [Taking Inventory]
[18:04:12] [Client thread/INFO]: [CHAT] §5Player507 would like to trade with you.
[18:04:12] [Client thread/INFO]: [CHAT] §5Right click the player to accept.
[18:04:12] [Client thread/INFO]: [CHAT] §5(30 seconds left)
[18:05:10] [Client thread/INFO]: [CHAT] §4Trade canceled.
[18:05:57] [Client thread/INFO]: [CHAT] §5Player507 would like to trade with you.
[18:05:57] [Client thread/INFO]: [CHAT] §5Right click the player to accept.
[18:05:57] [Client thread/INFO]: [CHAT] §5(30 seconds left)
[18:06:04] [Client thread/INFO]: [CHAT] §4Trade canceled.
[18:06:13] [Client thread/INFO]: [CHAT] §5Player507 would like to trade with you.
[18:06:13] [Client thread/INFO]: [CHAT] §5Right click the player to accept.
[18:06:13] [Client thread/INFO]: [CHAT] §5(30 seconds left)
[18:07:32] [Client thread/INFO]: [CHAT] Player604 has just earned the achievement [Taking Inventory]
[18:07:43] [Client thread/INFO]: [CHAT] §6You've sent Player507 a trade offer.
[18:07:55] [Client thread/INFO]: [CHAT] §4Trade canceled.
[18:08:02] [Client thread/INFO]: Stopping!
37:56742] logged in with entity id 13104 at (170.5, 70.0, 262.5)
[18:02:22] [Server thread/INFO]: Player604 joined the game
[18:02:22] [Client thread/INFO]: [CHAT] Player604 joined the game
[18:02:41] [Client thread/INFO]: [CHAT] §5Player604 would like to trade with you.
[18:02:41] [Client thread/INFO]: [CHAT] §5Right click the player to accept.
[18:02:41] [Client thread/INFO]: [CHAT] §5(30 seconds left)
[18:03:58] [Client thread/INFO]: [CHAT] §4Trade canceled.
[18:03:59] [Server thread/INFO]: Player507 has just earned the achievement [Taking Inventory]
[18:03:59] [Client thread/INFO]: [CHAT] Player507 has just earned the achievement [Taking Inventory]
[18:04:12] [Client thread/INFO]: [CHAT] §6You've sent Player604 a trade offer.
[18:05:10] [Client thread/INFO]: [CHAT] §4Trade canceled.
[18:05:57] [Client thread/INFO]: [CHAT] §6You've sent Player604 a trade offer.
[18:06:04] [Client thread/INFO]: [CHAT] §4Trade canceled.
[18:06:13] [Client thread/INFO]: [CHAT] §6You've sent Player604 a trade offer.
[18:07:32] [Server thread/INFO]: Player604 has just earned the achievement [Taking Inventory]
[18:07:32] [Client thread/INFO]: [CHAT] Player604 has just earned the achievement [Taking Inventory]
[18:07:43] [Client thread/INFO]: [CHAT] §5Player604 would like to trade with you.
[18:07:43] [Client thread/INFO]: [CHAT] §5Right click the player to accept.
[18:07:43] [Client thread/INFO]: [CHAT] §5(30 seconds left)
[18:07:55] [Client thread/INFO]: [CHAT] §4Trade canceled.
[18:07:59] [Server thread/INFO]: Stopping server
[18:07:59] [Server thread/INFO]: Saving players
[18:07:59] [Server thread/INFO]: Saving worlds
[18:07:59] [Server thread/INFO]: Saving chunks for level 'New World'/Overworld
[18:07:59] [Server thread/INFO]: Saving chunks for level 'New World'/Nether
[18:07:59] [Server thread/INFO]: Saving chunks for level 'New World'/The End
[18:08:01] [Client thread/INFO]: Stopping!
[18:59:36] [main/INFO]: Setting user: Player687
[18:59:38] [Client thread/INFO]: LWJGL Version: 2[18:59[18:59:46] [Client thread/INFO]: Reloading Resour[18:59:47] [Client thread/INFO]: Reloading ResourceManager: Default, FMLFileResourcePack:Forge Mod Loader, FMLFileResourcePack:Minecraft[18:59:47] [Sound Library Loader/INFO]: Sound eng[18:59:47] [S[18:59:48] [Client thread/INFO]: Created: 512x256[18:59:49] [Client thread/INFO]: Created: 512x256 textures/blocks-atlas
[18:59:49] [Client thread/INFO]: Created: 256x256 textures/items-atlas
[18:59:49] [Client thread/INFO]: Reloading ResourceManager: Default, FMLFileResourcePack:Forge Mod Loader, FMLFileResourcePack:Minecraft Forge, FMLFileResourcePack:Right Click Options
[18:59:49] [Client thread/INFO]: Created: 512x256 textures/blocks-atlas
[18:59:49] [Client thre[18:59:50] [Sound Library Loader/INFO]: Sound eng[18:59:50] [S[19:00:16] [Client thread/INFO]: Connecting to 75.102.245.137, 56891
[19:00:31] [Client thread/INFO]: [CHAT] §6You've sent Player526 a trade offer.
[19:02:13] [Client thread/INFO]: [CHAT] §4Trade canceled.
[19:02:21] [Client thread/INFO]: [CHAT] [Player526: Set the time to 1000]
[19:02:32] [Client thread/INFO]: [CHAT] §5Player526 would like to trade with you.
[19:02:32] [Client thread/INFO]: [CHAT] §5Right click the player to accept.
[19:02:32] [Client thread/INFO]: [CHAT] §5(30 seconds left)
[19:03:15] [Client thread/INFO]: [CHAT] §4Trade canceled.
[19:03:18] [Client thread/INFO]: Stopping!
g Inventory]
[19:00:03] [Client thread/INFO]: [CHAT] Player526 has just earned the achievement [Taking Inventory]
[19:00:05] [Server thread/INFO]: Saving and pausing game...
[19:00:05] [Server thread/INFO]: Saving chunks for level 'New World'/Overworld
[19:00:06] [Server thread/INFO]: Saving chunks for level 'New World'/Nether
[19:00:06] [Server thread/INFO]: Saving chunks for level 'New World'/The End
[19:00:07] [Client thread/INFO]: Started on 56891
[19:00:07] [Client thread/INFO]: [CHAT] Local game hosted on port 56891
[19:00:17] [User Authenticator #1/WARN]: Failed to verify username but will let them in anyway!
[19:00:17] [Server thread/INFO]: Player687[/75.102.245.137:56924] logged in with entity id 316 at (165.5, 66.0, 252.5)
[19:00:17] [Server thread/INFO]: Player687 joined the game
[19:00:17] [Client thread/INFO]: [CHAT] Player687 joined the game
[19:00:31] [Client thread/INFO]: [CHAT] §5Player687 would like to trade with you.
[19:00:31] [Client thread/INFO]: [CHAT] §5Right click the player to accept.
[19:00:31] [Client thread/INFO]: [CHAT] §5(30 seconds left)
[19:02:13] [Client thread/INFO]: [CHAT] §4Trade canceled.
[19:02:21] [Server thread/INFO]: [Player526: Set the time to 1000]
[19:02:21] [Client thread/INFO]: [CHAT] Set the time to 1000
[19:02:32] [Client thread/INFO]: [CHAT] §6You've sent Player687 a trade offer.
[19:03:15] [Client thread/INFO]: [CHAT] §4Trade canceled.
[19:03:17] [Server thread/INFO]: Player687 lost connection: TextComponent{text='Disconnected', siblings=[], style=Style{hasParent=false, color=null, bold=null, italic=null, underlined=null, obfuscated=null, clickEvent=null, hoverEvent=null}}
[19:03:17] [Server thread/INFO]: Player687 left the game
[19:03:18] [Client thread/INFO]: [CHAT] Player687 left the game
[19:03:19] [Server thread/INFO]: Stopping server
[19:03:19] [Server thread/INFO]: Saving players
[19:03:19] [Server thread/INFO]: Saving worlds
[19:03:19] [Server thread/INFO]: Saving chunks for level 'New World'/Overworld
[19:03:19] [Server thread/INFO]: Saving chunks for level 'New World'/Nether
[19:03:19] [Server thread/INFO]: Saving chunks for level 'New World'/The End
[19:03:21] [Client thread/INFO]: Stopping!
[22:23:16] [main/INFO]: Setting user: Player294
[22:23:19] [Client thread/INFO]: LWJGL Version: [22:23:[22:23:34] [Client thread/INFO]: Reloading ResourceManager: Default, FMLFileResourcePack:Forge Mod Loader, FMLFileResourcePack:Minecraft Forge, FMLFileResourcePack:Right Click Options
[22:23:35] [Sound Library Loader/INFO]: Sound engine started
[22:23:38] [Client thread/INFO]: Created: 512x256 textures/blocks-atlas
[22:23:39] [Client thread/INFO]: Created: 256x256 textures/items-atlas
[22:23:39] [Client thread/INFO]: Reloading ResourceManager: Default, FMLFileResourcePack:Forge Mod Loader, FMLFileResourcePack:Minecraft Forge, FMLFileResourcePack:Right Click Options
[22:23:40] [Client thread/INFO]: Created: 512x256 textures/blocks-atlas
[22:23:40] [Client thread/INFO]: Created: 256x256 textures/items-atlas
[22:23:41] [Sound Library Loader/INFO]: Sound engine started
[22:24:29] [Client thread/INFO]: Connecting to 75.102.214.228, 58567
[22:25:15] [Client thread/INFO]: Warning: Clientside chunk ticking took 293 ms
[22:25:16] [Client thread/INFO]: [CHAT] §5Player45 would like to trade with you.
[22:25:16] [Client thread/INFO]: [CHAT] §5Right click the player to accept.
[22:25:16] [Client thread/INFO]: [CHAT] §5(30 seconds left)
[22:26:20] [Client thread/INFO]: [CHAT] §6You've sent Player45 a trade offer.
[22:26:21] [Client thread/INFO]: [CHAT] Player294 has just earned the achievement [Taking Inventory]
[22:26:25] [Client thread/INFO]: [CHAT] §5Player45 would like to trade with you.
[22:26:25] [Client thread/INFO]: [CHAT] §5Right click the player to accept.
[22:26:25] [Client thread/INFO]: [CHAT] §5(30 seconds left)
[22:26:27] [Client thread/INFO]: [CHAT] §4Trade canceled.
[22:26:39] [Client thread/INFO]: [CHAT] §4Trade canceled.
[22:27:28] [Client thread/INFO]: Stopping!
Server thread/INFO]: Saving chunks for level 'New World'/Nether
[22:24:24] [Server thread/INFO]: Saving chunks for level 'New World'/The End
[22:24:26] [Client thread/INFO]: Started on 58567
[22:24:26] [Client thread/INFO]: [CHAT] Local game hosted on port 58567
[22:24:32] [User Authenticator #1/WARN]: Failed to verify username but will let them in anyway!
[22:24:32] [Server thread/INFO]: Player294[/75.102.214.228:58600] logged in with entity id 325 at (162.5, 69.0, 262.5)
[22:24:32] [Server thread/INFO]: Player294 joined the game
[22:24:32] [Client thread/INFO]: [CHAT] Player294 joined the game
[22:25:15] [Client thread/INFO]: Warning: Clientside chunk ticking took 267 ms
[22:25:17] [Client thread/INFO]: [CHAT] §6You've sent Player294 a trade offer.
[22:26:20] [Client thread/INFO]: [CHAT] §5Player294 would like to trade with you.
[22:26:20] [Client thread/INFO]: [CHAT] §5Right click the player to accept.
[22:26:20] [Client thread/INFO]: [CHAT] §5(30 seconds left)
[22:26:21] [Server thread/INFO]: Player294 has just earned the achievement [Taking Inventory]
[22:26:21] [Client thread/INFO]: [CHAT] Player294 has just earned the achievement [Taking Inventory]
[22:26:25] [Client thread/INFO]: [CHAT] §6You've sent Player294 a trade offer.
[22:26:27] [Client thread/INFO]: [CHAT] §4Trade canceled.
[22:26:39] [Client thread/INFO]: [CHAT] §4Trade canceled.
[22:27:17] [Server thread/INFO]: Stopping server
[22:27:17] [Server thread/INFO]: Saving players
[22:27:17] [Server thread/INFO]: Saving worlds
[22:27:17] [Server thread/INFO]: Saving chunks for level 'New World'/Overworld
[22:27:17] [Server thread/INFO]: Saving chunks for level 'New World'/Nether
[22:27:17] [Server thread/INFO]: Saving chunks for level 'New World'/The End
[22:27:23] [Client thread/INFO]: Stopping!
[00:05:58] [main/INFO]: Setting user: Player588
[00:06:00] [Client thread/INFO]: LWJGL Version: 2.9.1
