[00:02:58] [main/INFO]: Setting user: Player18
[00:03:00] [Client thread/INFO]: LWJGL Version: 2.9.1
[00:03:04] [Client thread/INFO]: Reloading ResourceManager: Default, FMLFileResourcePack:Forge Mod Loader, FMLFileResourcePack:Minecraft Forge, FMLFileResourcePack:Right Click Options
[00:03:05] [Sound Library Loader/INFO]: Sound engine started
[00:03:08] [Client thread/INFO]: Created: 512x256 textures/blocks-atlas
[00:03:08] [Client thread/INFO]: Created: 256x256 textures/items-atlas
[00:03:08] [Client thread/INFO]: Reloading ResourceManager: Default, FMLFileResourcePack:Forge Mod Loader, FMLFileResourcePack:Minecraft Forge, FMLFileResourcePack:Right Click Options
[00:03:09] [Client thread/INFO]: Created: 512x256 textures/blocks-atlas
[00:03:09] [Client thread/INFO]: Created: 256x256 textures/items-atlas
[00:03:09] [Sound Library Loader/INFO]: Sound engine started
[00:03:59] [Server thread/INFO]: Starting integra[00:04:01] [Client thread/INFO]: LWJGL Version: 2.9.1
[00:04:09] [Client thread/INFO]: Reloading ResourceManager: Default, FMLFileResourcePack:Forge Mod Loader, FMLFileResourcePack:Minecraft Forge, FMLFileResourcePack:Right Click Options
[00:04:10] [Sound Library Loader/INFO]: Sound engine started
[00:04:11] [Client thread/INFO]: Created: 512x256 textures/blocks-atlas
[00:04:12] [Client thread/INFO]: Created: 256x256 textures/items-atlas
[00:04:12] [Client thread/INFO]: Reloading ResourceManager: Default, FMLFileResourcePack:Forge Mod Loader, FMLFileResourcePack:Minecraft Forge, FMLFileResourcePack:Right Click Options
[00:04:12] [Client thread/INFO]: Created: 512x256 textures/blocks-atlas
[00:04:12] [Client thread/INFO]: Created: 256x256 textures/items-atlas
[00:04:13] [Sound Library Loader/INFO]: Sound engine started
[00:04:18] [Client thread/INFO]: Connecting to 75.102.243.170, 53519[0[00:04:34] [Client thread/INFO]: [CHAT] Your game mode has been updated
[00:04:44] [Client thread/INFO]: [CHAT] Your game mode has been updated
[00:04:48] [Client thread/INFO]: [CHAT] §6You've sent Player18 a trade offer.
[00:04:55] [Client thread/FATAL]: Unreported exception thrown!
java.lang.IndexOutOfBoundsException: Index: 45, Size: 45
	at java.util.ArrayList.rangeCheck(ArrayList.java:653) ~[?:1.8.0_91]
	at java.util.ArrayList.get(ArrayList.java:429) ~[?:1.8.0_91]
	at net.minecraft.inventory.Container.getSlot(Container.java:130) ~[Container.class:?]
	at net.minecraft.inventory.Container.putStacksInSlots(Container.java:558) ~[Container.class:?]
	at net.minecraft.client.network.NetHandlerPlayClient.handleWindowItems(NetHandlerPlayClient.java:1197) ~[NetHandlerPlayClient.class:?]
	at net.minecraft.network.play.server.S30PacketWindowItems.processPacket(S30PacketWindowItems.java:70) ~[S30PacketWindowItems.class:?]
	at net.minecraft.network.play.server.S30PacketWindowItems.processPacket(S30PacketWindowItems.java:78) ~[S30PacketWindowItems.class:?]
	at net.minecraft.network.NetworkManager.processReceivedPackets(NetworkManager.java:241) ~[NetworkManager.class:?]
	at net.minecraft.client.multiplayer.PlayerControllerMP.updateController(PlayerControllerMP.java:317) ~[PlayerControllerMP.class:?]
[00:04:55] [Client thread/FATAL]: Unreported exception thrown!
java.lang.IndexOutOfBoundsException: Index: 45, Size: 45
	at java.util.ArrayList.rangeCheck(ArrayList.java:653) ~[?:1.8.0_91]
	at java.util.ArrayList.get(ArrayList.java:429) ~[?:1.8.0_91]
	at net.minecraft.inventory.Container.getSlot(Container.java:130) ~[Container.class:?]
	at net.minecraft.inventory.Container.putStacksInSlots(Container.java:558) ~[Container.class:?]
	at net.minecraft.client.network.NetHandlerPlayClient.handleWindowItems(NetHandlerPlayClient.java:1197) ~[NetHandlerPlayClient.class:?]
	at net.minecraft.network.play.server.S30PacketWindowItems.processPacket(S30PacketWindowItems.java:70) ~[S30PacketWindowItems.class:?]
	at net.minecraft.network.play.server.S30PacketWindowItems.processPacket(S30PacketWindowItems.java:78) ~[S30PacketWindowItems.class:?]
	at net.minecraft.network.NetworkManager.processReceivedPackets(NetworkManager.java:241) ~[NetworkManager.class:?]
	at net.minecraft.client.multiplayer.PlayerControllerMP.updateController(PlayerControllerMP.java:317) ~[PlayerControllerMP.class:?]
	at net.minecraft.client.Minecraft.runTick(Minecraft.java:1693) ~[Minecraft.class:?]
	at net.minecraft.client.Minecraft.runGameLoop(Minecraft.java:1039) ~[Minecraft.class:?]
	at net.minecraft.client.Minecraft.run(Minecraft.java:962) [Minecraft.class:?]
	at net.minecraft.client.main.Main.main(Main.java:164) [Main.class:?]
	at sun.reflect.NativeMethodAccessorImpl.invoke0(Native Method) ~[?:1.8.0_91]
	at sun.reflect.NativeMethodAccessorImpl.invoke(NativeMethodAccessorImpl.java:62) ~[?:1.8.0_91]
	at sun.reflect.DelegatingMethodAccessorImpl.invoke(DelegatingMethodAccessorImpl.java:43) ~[?:1.8.0_91]
	at java.lang.reflect.Method.invoke(Method.java:498) ~[?:1.8.0_91]
	at net.minecraft.launchwrapper.Launch.launch(Launch.java:135) [launchwrapper-1.11.jar:?]
	at net.minecraft.launchwrapper.Launch.main(Launch.java:28) [launchwrapper-1.11.jar:?]
	at net.minecraftforge.gradle.GradleStartCommon.launch(Unknown Source) [start/:?]
	at GradleStart.main(Unknown Source) [start/:?]
[00:06:27] [main/INFO]: Setting user: Player602
